[debug] [2023-12-24T09:11:25.540Z] ----------------------------------------------------------------------
[debug] [2023-12-24T09:11:25.542Z] Command:       C:\Program Files\nodejs\node.exe C:\Users\ACER N5\AppData\Roaming\npm\node_modules\firebase-tools\lib\bin\firebase.js deploy --only functions
[debug] [2023-12-24T09:11:25.543Z] CLI Version:   13.0.2
[debug] [2023-12-24T09:11:25.543Z] Platform:      win32
[debug] [2023-12-24T09:11:25.543Z] Node Version:  v20.10.0
[debug] [2023-12-24T09:11:25.543Z] Time:          Sun Dec 24 2023 17:11:25 GMT+0800 (China Standard Time)
[debug] [2023-12-24T09:11:25.543Z] ----------------------------------------------------------------------
[debug] 
[debug] [2023-12-24T09:11:25.546Z] >>> [apiv2][query] GET https://firebase-public.firebaseio.com/cli.json [none]
[debug] [2023-12-24T09:11:25.665Z] > command requires scopes: ["email","openid","https://www.googleapis.com/auth/cloudplatformprojects.readonly","https://www.googleapis.com/auth/firebase","https://www.googleapis.com/auth/cloud-platform"]
[debug] [2023-12-24T09:11:25.666Z] > authorizing via signed-in user (vicnathangabrielle@gmail.com)
[debug] [2023-12-24T09:11:25.666Z] [iam] checking project auth-1a208 for permissions ["cloudfunctions.functions.create","cloudfunctions.functions.delete","cloudfunctions.functions.get","cloudfunctions.functions.list","cloudfunctions.functions.update","cloudfunctions.operations.get","firebase.projects.get"]
[debug] [2023-12-24T09:11:25.667Z] > refreshing access token with scopes: []
[debug] [2023-12-24T09:11:25.667Z] >>> [apiv2][query] POST https://www.googleapis.com/oauth2/v3/token [none]
[debug] [2023-12-24T09:11:25.667Z] >>> [apiv2][body] POST https://www.googleapis.com/oauth2/v3/token [omitted]
[debug] [2023-12-24T09:11:25.824Z] <<< [apiv2][status] POST https://www.googleapis.com/oauth2/v3/token 200
[debug] [2023-12-24T09:11:25.824Z] <<< [apiv2][body] POST https://www.googleapis.com/oauth2/v3/token [omitted]
[debug] [2023-12-24T09:11:25.838Z] >>> [apiv2][query] POST https://cloudresourcemanager.googleapis.com/v1/projects/auth-1a208:testIamPermissions [none]
[debug] [2023-12-24T09:11:25.838Z] >>> [apiv2][(partial)header] POST https://cloudresourcemanager.googleapis.com/v1/projects/auth-1a208:testIamPermissions x-goog-quota-user=projects/auth-1a208
[debug] [2023-12-24T09:11:25.839Z] >>> [apiv2][body] POST https://cloudresourcemanager.googleapis.com/v1/projects/auth-1a208:testIamPermissions {"permissions":["cloudfunctions.functions.create","cloudfunctions.functions.delete","cloudfunctions.functions.get","cloudfunctions.functions.list","cloudfunctions.functions.update","cloudfunctions.operations.get","firebase.projects.get"]}
[debug] [2023-12-24T09:11:26.126Z] <<< [apiv2][status] GET https://firebase-public.firebaseio.com/cli.json 200
[debug] [2023-12-24T09:11:26.126Z] <<< [apiv2][body] GET https://firebase-public.firebaseio.com/cli.json {"cloudBuildErrorAfter":1594252800000,"cloudBuildWarnAfter":1590019200000,"defaultNode10After":1594252800000,"minVersion":"3.0.5","node8DeploysDisabledAfter":1613390400000,"node8RuntimeDisabledAfter":1615809600000,"node8WarnAfter":1600128000000}
[debug] [2023-12-24T09:11:26.756Z] <<< [apiv2][status] POST https://cloudresourcemanager.googleapis.com/v1/projects/auth-1a208:testIamPermissions 200
[debug] [2023-12-24T09:11:26.756Z] <<< [apiv2][body] POST https://cloudresourcemanager.googleapis.com/v1/projects/auth-1a208:testIamPermissions {"permissions":["cloudfunctions.functions.create","cloudfunctions.functions.delete","cloudfunctions.functions.get","cloudfunctions.functions.list","cloudfunctions.functions.update","cloudfunctions.operations.get","firebase.projects.get"]}
[debug] [2023-12-24T09:11:26.757Z] >>> [apiv2][query] POST https://iam.googleapis.com/v1/projects/auth-1a208/serviceAccounts/auth-1a208@appspot.gserviceaccount.com:testIamPermissions [none]
[debug] [2023-12-24T09:11:26.757Z] >>> [apiv2][body] POST https://iam.googleapis.com/v1/projects/auth-1a208/serviceAccounts/auth-1a208@appspot.gserviceaccount.com:testIamPermissions {"permissions":["iam.serviceAccounts.actAs"]}
[debug] [2023-12-24T09:11:27.923Z] <<< [apiv2][status] POST https://iam.googleapis.com/v1/projects/auth-1a208/serviceAccounts/auth-1a208@appspot.gserviceaccount.com:testIamPermissions 200
[debug] [2023-12-24T09:11:27.924Z] <<< [apiv2][body] POST https://iam.googleapis.com/v1/projects/auth-1a208/serviceAccounts/auth-1a208@appspot.gserviceaccount.com:testIamPermissions {"permissions":["iam.serviceAccounts.actAs"]}
[info] 
[info] === Deploying to 'auth-1a208'...
[info] 
[info] i  deploying functions 
[info] Running command: npm --prefix "$RESOURCE_DIR" run build
[info] +  functions: Finished running predeploy script. 
[debug] [2023-12-24T09:11:36.081Z] >>> [apiv2][query] GET https://firebase.googleapis.com/v1beta1/projects/auth-1a208 [none]
[debug] [2023-12-24T09:11:36.719Z] <<< [apiv2][status] GET https://firebase.googleapis.com/v1beta1/projects/auth-1a208 200
[debug] [2023-12-24T09:11:36.720Z] <<< [apiv2][body] GET https://firebase.googleapis.com/v1beta1/projects/auth-1a208 {"projectId":"auth-1a208","projectNumber":"486876496934","displayName":"auth","name":"projects/auth-1a208","resources":{"hostingSite":"auth-1a208"},"state":"ACTIVE","etag":"1_ba3fc0d3-ba9b-4c23-9c90-cc62e60d52f6"}
[info] i  functions: preparing codebase default for deployment 
[info] i  functions: ensuring required API cloudfunctions.googleapis.com is enabled... 
[info] i  functions: ensuring required API cloudbuild.googleapis.com is enabled... 
[info] i  artifactregistry: ensuring required API artifactregistry.googleapis.com is enabled... 
[debug] [2023-12-24T09:11:36.723Z] >>> [apiv2][query] GET https://serviceusage.googleapis.com/v1/projects/auth-1a208/services/cloudfunctions.googleapis.com [none]
[debug] [2023-12-24T09:11:36.723Z] >>> [apiv2][(partial)header] GET https://serviceusage.googleapis.com/v1/projects/auth-1a208/services/cloudfunctions.googleapis.com x-goog-quota-user=projects/auth-1a208
[debug] [2023-12-24T09:11:36.724Z] >>> [apiv2][query] GET https://serviceusage.googleapis.com/v1/projects/auth-1a208/services/runtimeconfig.googleapis.com [none]
[debug] [2023-12-24T09:11:36.724Z] >>> [apiv2][(partial)header] GET https://serviceusage.googleapis.com/v1/projects/auth-1a208/services/runtimeconfig.googleapis.com x-goog-quota-user=projects/auth-1a208
[debug] [2023-12-24T09:11:36.725Z] >>> [apiv2][query] GET https://serviceusage.googleapis.com/v1/projects/auth-1a208/services/cloudbuild.googleapis.com [none]
[debug] [2023-12-24T09:11:36.725Z] >>> [apiv2][(partial)header] GET https://serviceusage.googleapis.com/v1/projects/auth-1a208/services/cloudbuild.googleapis.com x-goog-quota-user=projects/auth-1a208
[debug] [2023-12-24T09:11:36.726Z] >>> [apiv2][query] GET https://serviceusage.googleapis.com/v1/projects/auth-1a208/services/artifactregistry.googleapis.com [none]
[debug] [2023-12-24T09:11:36.726Z] >>> [apiv2][(partial)header] GET https://serviceusage.googleapis.com/v1/projects/auth-1a208/services/artifactregistry.googleapis.com x-goog-quota-user=projects/auth-1a208
[debug] [2023-12-24T09:11:37.949Z] <<< [apiv2][status] GET https://serviceusage.googleapis.com/v1/projects/auth-1a208/services/runtimeconfig.googleapis.com 200
[debug] [2023-12-24T09:11:37.950Z] <<< [apiv2][body] GET https://serviceusage.googleapis.com/v1/projects/auth-1a208/services/runtimeconfig.googleapis.com [omitted]
[debug] [2023-12-24T09:11:37.953Z] <<< [apiv2][status] GET https://serviceusage.googleapis.com/v1/projects/auth-1a208/services/cloudbuild.googleapis.com 200
[debug] [2023-12-24T09:11:37.954Z] <<< [apiv2][body] GET https://serviceusage.googleapis.com/v1/projects/auth-1a208/services/cloudbuild.googleapis.com [omitted]
[info] +  functions: required API cloudbuild.googleapis.com is enabled 
[debug] [2023-12-24T09:11:37.961Z] <<< [apiv2][status] GET https://serviceusage.googleapis.com/v1/projects/auth-1a208/services/cloudfunctions.googleapis.com 200
[debug] [2023-12-24T09:11:37.961Z] <<< [apiv2][body] GET https://serviceusage.googleapis.com/v1/projects/auth-1a208/services/cloudfunctions.googleapis.com [omitted]
[info] +  functions: required API cloudfunctions.googleapis.com is enabled 
[debug] [2023-12-24T09:11:37.964Z] <<< [apiv2][status] GET https://serviceusage.googleapis.com/v1/projects/auth-1a208/services/artifactregistry.googleapis.com 200
[debug] [2023-12-24T09:11:37.964Z] <<< [apiv2][body] GET https://serviceusage.googleapis.com/v1/projects/auth-1a208/services/artifactregistry.googleapis.com [omitted]
[info] +  artifactregistry: required API artifactregistry.googleapis.com is enabled 
[debug] [2023-12-24T09:11:37.965Z] >>> [apiv2][query] GET https://firebase.googleapis.com/v1beta1/projects/auth-1a208/adminSdkConfig [none]
[debug] [2023-12-24T09:11:38.494Z] <<< [apiv2][status] GET https://firebase.googleapis.com/v1beta1/projects/auth-1a208/adminSdkConfig 200
[debug] [2023-12-24T09:11:38.494Z] <<< [apiv2][body] GET https://firebase.googleapis.com/v1beta1/projects/auth-1a208/adminSdkConfig {"projectId":"auth-1a208","storageBucket":"auth-1a208.appspot.com"}
[debug] [2023-12-24T09:11:38.495Z] >>> [apiv2][query] GET https://runtimeconfig.googleapis.com/v1beta1/projects/auth-1a208/configs [none]
[debug] [2023-12-24T09:11:39.106Z] <<< [apiv2][status] GET https://runtimeconfig.googleapis.com/v1beta1/projects/auth-1a208/configs 200
[debug] [2023-12-24T09:11:39.107Z] <<< [apiv2][body] GET https://runtimeconfig.googleapis.com/v1beta1/projects/auth-1a208/configs {}
[debug] [2023-12-24T09:11:39.111Z] Validating nodejs source
[debug] [2023-12-24T09:11:40.593Z] > [functions] package.json contents: {
  "name": "functions",
  "scripts": {
    "build": "tsc",
    "build:watch": "tsc --watch",
    "serve": "npm run build && firebase emulators:start --only functions",
    "shell": "npm run build && firebase functions:shell",
    "start": "nodemon --exec ts-node src/index.ts",
    "deploy": "firebase deploy --only functions",
    "logs": "firebase functions:log"
  },
  "engines": {
    "node": "18"
  },
  "main": "lib/index.js",
  "dependencies": {
    "@google-cloud/functions-framework": "^3.3.0",
    "bcrypt": "^5.1.0",
    "body-parser": "^1.20.2",
    "cors": "^2.8.5",
    "dotenv": "^16.3.1",
    "express": "^4.18.2",
    "firebase-admin": "^11.8.0",
    "firebase-functions": "^4.5.0",
    "jsonwebtoken": "^9.0.1",
    "mongoose": "^7.4.1",
    "node-cron": "^3.0.2"
  },
  "devDependencies": {
    "@types/bcrypt": "^5.0.0",
    "@types/express": "^4.17.17",
    "@types/jsonwebtoken": "^9.0.2",
    "@typescript-eslint/eslint-plugin": "^6.8.0",
    "@typescript-eslint/parser": "^6.8.0",
    "eslint": "^8.51.0",
    "eslint-plugin-import": "^2.28.1",
    "eslint-plugin-react": "^7.33.2",
    "eslint-plugin-react-hooks": "^4.6.0",
    "firebase-functions-test": "^3.1.0",
    "nodemon": "^3.0.1",
    "ts-node": "^10.9.1",
    "typescript": "^4.9.0",
    "unique-username-generator": "^1.2.0"
  },
  "private": true
}
[debug] [2023-12-24T09:11:40.593Z] Building nodejs source
[info] i  functions: Loading and analyzing source code for codebase default to determine what to deploy 
[debug] [2023-12-24T09:11:40.595Z] Could not find functions.yaml. Must use http discovery
[debug] [2023-12-24T09:11:40.603Z] Found firebase-functions binary at 'C:\GitHub\auth\functions\node_modules\.bin\firebase-functions'
[info] Serving at port 8859

[debug] [2023-12-24T09:11:41.572Z] Got response from /__/functions.yaml {"endpoints":{"api":{"platform":"gcfv1","availableMemoryMb":null,"timeoutSeconds":null,"minInstances":null,"maxInstances":null,"ingressSettings":null,"serviceAccountEmail":null,"vpc":null,"httpsTrigger":{},"entryPoint":"api"}},"specVersion":"v1alpha1","requiredAPIs":[]}
[info] DB connected

